<?xml version="1.0" encoding="UTF-8"?>
<!-- Generated by org.testng.reporters.JUnitReportReporter -->
<testsuite skipped="0" hostname="VBDEV02" name="MavenTestNGCircleCIGITPractice.MavenTestNGCircleCIGITPractice.AppTest" tests="1" failures="0" timestamp="17 Jun 2019 05:36:16 GMT" time="0.006" errors="0">
  <testcase name="testApp" time="0.006" classname="MavenTestNGCircleCIGITPractice.MavenTestNGCircleCIGITPractice.AppTest"/>
</testsuite> <!-- MavenTestNGCircleCIGITPractice.MavenTestNGCircleCIGITPractice.AppTest -->
