<?xml version="1.0" encoding="UTF-8"?>
<!-- Generated by org.testng.reporters.JUnitReportReporter -->
<testsuite skipped="0" hostname="VBDEV02" name="TestNG_Run" tests="1" failures="0" timestamp="17 Jun 2019 06:43:45 GMT" time="0.000" errors="0">
  <testcase name="f" time="0.000" classname="TestNG_Run"/>
</testsuite> <!-- TestNG_Run -->
